ERROR - 2023-07-28 00:38:23 --> Error connecting to the database: mysqli_sql_exception: No connection could be made because the target machine actively refused it in D:\aplikasi\bappenas\system\Database\MySQLi\Connection.php:174
Stack trace:
#0 D:\aplikasi\bappenas\system\Database\MySQLi\Connection.php(174): mysqli->real_connect('localhost', 'root', '', 'bappenas', 3306, '', 0)
#1 D:\aplikasi\bappenas\system\Database\BaseConnection.php(391): CodeIgniter\Database\MySQLi\Connection->connect(false)
#2 D:\aplikasi\bappenas\system\Database\BaseConnection.php(574): CodeIgniter\Database\BaseConnection->initialize()
#3 D:\aplikasi\bappenas\system\Database\BaseBuilder.php(1616): CodeIgniter\Database\BaseConnection->query('SELECT *\nFROM `...', Array, false)
#4 D:\aplikasi\bappenas\system\Model.php(241): CodeIgniter\Database\BaseBuilder->get()
#5 D:\aplikasi\bappenas\system\BaseModel.php(618): CodeIgniter\Model->doFindAll(0, 0)
#6 D:\aplikasi\bappenas\app\Models\CustomersModel.php(16): CodeIgniter\BaseModel->findAll()
#7 D:\aplikasi\bappenas\app\Controllers\Customer.php(16): App\Models\CustomersModel->getCustomer()
#8 D:\aplikasi\bappenas\system\CodeIgniter.php(932): App\Controllers\Customer->index()
#9 D:\aplikasi\bappenas\system\CodeIgniter.php(497): CodeIgniter\CodeIgniter->runController(Object(App\Controllers\Customer))
#10 D:\aplikasi\bappenas\system\CodeIgniter.php(366): CodeIgniter\CodeIgniter->handleRequest(NULL, Object(Config\Cache), false)
#11 D:\aplikasi\bappenas\public\index.php(67): CodeIgniter\CodeIgniter->run()
#12 D:\aplikasi\bappenas\system\Commands\Server\rewrite.php(47): require_once('D:\\aplikasi\\bap...')
#13 {main}

Next CodeIgniter\Database\Exceptions\DatabaseException: No connection could be made because the target machine actively refused it in D:\aplikasi\bappenas\system\Database\MySQLi\Connection.php:218
Stack trace:
#0 D:\aplikasi\bappenas\system\Database\BaseConnection.php(391): CodeIgniter\Database\MySQLi\Connection->connect(false)
#1 D:\aplikasi\bappenas\system\Database\BaseConnection.php(574): CodeIgniter\Database\BaseConnection->initialize()
#2 D:\aplikasi\bappenas\system\Database\BaseBuilder.php(1616): CodeIgniter\Database\BaseConnection->query('SELECT *\nFROM `...', Array, false)
#3 D:\aplikasi\bappenas\system\Model.php(241): CodeIgniter\Database\BaseBuilder->get()
#4 D:\aplikasi\bappenas\system\BaseModel.php(618): CodeIgniter\Model->doFindAll(0, 0)
#5 D:\aplikasi\bappenas\app\Models\CustomersModel.php(16): CodeIgniter\BaseModel->findAll()
#6 D:\aplikasi\bappenas\app\Controllers\Customer.php(16): App\Models\CustomersModel->getCustomer()
#7 D:\aplikasi\bappenas\system\CodeIgniter.php(932): App\Controllers\Customer->index()
#8 D:\aplikasi\bappenas\system\CodeIgniter.php(497): CodeIgniter\CodeIgniter->runController(Object(App\Controllers\Customer))
#9 D:\aplikasi\bappenas\system\CodeIgniter.php(366): CodeIgniter\CodeIgniter->handleRequest(NULL, Object(Config\Cache), false)
#10 D:\aplikasi\bappenas\public\index.php(67): CodeIgniter\CodeIgniter->run()
#11 D:\aplikasi\bappenas\system\Commands\Server\rewrite.php(47): require_once('D:\\aplikasi\\bap...')
#12 {main}
CRITICAL - 2023-07-28 00:38:23 --> Unable to connect to the database.
Main connection [MySQLi]: No connection could be made because the target machine actively refused it
in SYSTEMPATH\Database\BaseConnection.php on line 427.
 1 SYSTEMPATH\Database\BaseConnection.php(574): CodeIgniter\Database\BaseConnection->initialize()
 2 SYSTEMPATH\Database\BaseBuilder.php(1616): CodeIgniter\Database\BaseConnection->query('SELECT *
FROM `customers`', [], false)
 3 SYSTEMPATH\Model.php(241): CodeIgniter\Database\BaseBuilder->get()
 4 SYSTEMPATH\BaseModel.php(618): CodeIgniter\Model->doFindAll(0, 0)
 5 APPPATH\Models\CustomersModel.php(16): CodeIgniter\BaseModel->findAll()
 6 APPPATH\Controllers\Customer.php(16): App\Models\CustomersModel->getCustomer()
 7 SYSTEMPATH\CodeIgniter.php(932): App\Controllers\Customer->index()
 8 SYSTEMPATH\CodeIgniter.php(497): CodeIgniter\CodeIgniter->runController(Object(App\Controllers\Customer))
 9 SYSTEMPATH\CodeIgniter.php(366): CodeIgniter\CodeIgniter->handleRequest(null, Object(Config\Cache), false)
10 FCPATH\index.php(67): CodeIgniter\CodeIgniter->run()
11 SYSTEMPATH\Commands\Server\rewrite.php(47): require_once('D:\\aplikasi\\bappenas\\public\\index.php')
ERROR - 2023-07-28 00:38:31 --> Error connecting to the database: mysqli_sql_exception: No connection could be made because the target machine actively refused it in D:\aplikasi\bappenas\system\Database\MySQLi\Connection.php:174
Stack trace:
#0 D:\aplikasi\bappenas\system\Database\MySQLi\Connection.php(174): mysqli->real_connect('localhost', 'root', '', 'bappenas', 3306, '', 0)
#1 D:\aplikasi\bappenas\system\Database\BaseConnection.php(391): CodeIgniter\Database\MySQLi\Connection->connect(false)
#2 D:\aplikasi\bappenas\system\Database\BaseConnection.php(574): CodeIgniter\Database\BaseConnection->initialize()
#3 D:\aplikasi\bappenas\system\Database\BaseBuilder.php(1616): CodeIgniter\Database\BaseConnection->query('SELECT *\nFROM `...', Array, false)
#4 D:\aplikasi\bappenas\system\Model.php(241): CodeIgniter\Database\BaseBuilder->get()
#5 D:\aplikasi\bappenas\system\BaseModel.php(618): CodeIgniter\Model->doFindAll(0, 0)
#6 D:\aplikasi\bappenas\app\Models\CustomersModel.php(16): CodeIgniter\BaseModel->findAll()
#7 D:\aplikasi\bappenas\app\Controllers\Customer.php(16): App\Models\CustomersModel->getCustomer()
#8 D:\aplikasi\bappenas\system\CodeIgniter.php(932): App\Controllers\Customer->index()
#9 D:\aplikasi\bappenas\system\CodeIgniter.php(497): CodeIgniter\CodeIgniter->runController(Object(App\Controllers\Customer))
#10 D:\aplikasi\bappenas\system\CodeIgniter.php(366): CodeIgniter\CodeIgniter->handleRequest(NULL, Object(Config\Cache), false)
#11 D:\aplikasi\bappenas\public\index.php(67): CodeIgniter\CodeIgniter->run()
#12 D:\aplikasi\bappenas\system\Commands\Server\rewrite.php(47): require_once('D:\\aplikasi\\bap...')
#13 {main}

Next CodeIgniter\Database\Exceptions\DatabaseException: No connection could be made because the target machine actively refused it in D:\aplikasi\bappenas\system\Database\MySQLi\Connection.php:218
Stack trace:
#0 D:\aplikasi\bappenas\system\Database\BaseConnection.php(391): CodeIgniter\Database\MySQLi\Connection->connect(false)
#1 D:\aplikasi\bappenas\system\Database\BaseConnection.php(574): CodeIgniter\Database\BaseConnection->initialize()
#2 D:\aplikasi\bappenas\system\Database\BaseBuilder.php(1616): CodeIgniter\Database\BaseConnection->query('SELECT *\nFROM `...', Array, false)
#3 D:\aplikasi\bappenas\system\Model.php(241): CodeIgniter\Database\BaseBuilder->get()
#4 D:\aplikasi\bappenas\system\BaseModel.php(618): CodeIgniter\Model->doFindAll(0, 0)
#5 D:\aplikasi\bappenas\app\Models\CustomersModel.php(16): CodeIgniter\BaseModel->findAll()
#6 D:\aplikasi\bappenas\app\Controllers\Customer.php(16): App\Models\CustomersModel->getCustomer()
#7 D:\aplikasi\bappenas\system\CodeIgniter.php(932): App\Controllers\Customer->index()
#8 D:\aplikasi\bappenas\system\CodeIgniter.php(497): CodeIgniter\CodeIgniter->runController(Object(App\Controllers\Customer))
#9 D:\aplikasi\bappenas\system\CodeIgniter.php(366): CodeIgniter\CodeIgniter->handleRequest(NULL, Object(Config\Cache), false)
#10 D:\aplikasi\bappenas\public\index.php(67): CodeIgniter\CodeIgniter->run()
#11 D:\aplikasi\bappenas\system\Commands\Server\rewrite.php(47): require_once('D:\\aplikasi\\bap...')
#12 {main}
CRITICAL - 2023-07-28 00:38:31 --> Unable to connect to the database.
Main connection [MySQLi]: No connection could be made because the target machine actively refused it
in SYSTEMPATH\Database\BaseConnection.php on line 427.
 1 SYSTEMPATH\Database\BaseConnection.php(574): CodeIgniter\Database\BaseConnection->initialize()
 2 SYSTEMPATH\Database\BaseBuilder.php(1616): CodeIgniter\Database\BaseConnection->query('SELECT *
FROM `customers`', [], false)
 3 SYSTEMPATH\Model.php(241): CodeIgniter\Database\BaseBuilder->get()
 4 SYSTEMPATH\BaseModel.php(618): CodeIgniter\Model->doFindAll(0, 0)
 5 APPPATH\Models\CustomersModel.php(16): CodeIgniter\BaseModel->findAll()
 6 APPPATH\Controllers\Customer.php(16): App\Models\CustomersModel->getCustomer()
 7 SYSTEMPATH\CodeIgniter.php(932): App\Controllers\Customer->index()
 8 SYSTEMPATH\CodeIgniter.php(497): CodeIgniter\CodeIgniter->runController(Object(App\Controllers\Customer))
 9 SYSTEMPATH\CodeIgniter.php(366): CodeIgniter\CodeIgniter->handleRequest(null, Object(Config\Cache), false)
10 FCPATH\index.php(67): CodeIgniter\CodeIgniter->run()
11 SYSTEMPATH\Commands\Server\rewrite.php(47): require_once('D:\\aplikasi\\bappenas\\public\\index.php')
INFO - 2023-07-28 00:39:20 --> Session: Class initialized using 'CodeIgniter\Session\Handlers\FileHandler' driver.
INFO - 2023-07-28 00:44:05 --> Session: Class initialized using 'CodeIgniter\Session\Handlers\FileHandler' driver.
INFO - 2023-07-28 00:44:05 --> Session: Class initialized using 'CodeIgniter\Session\Handlers\FileHandler' driver.
INFO - 2023-07-28 00:46:11 --> Session: Class initialized using 'CodeIgniter\Session\Handlers\FileHandler' driver.
INFO - 2023-07-28 00:46:11 --> Session: Class initialized using 'CodeIgniter\Session\Handlers\FileHandler' driver.
INFO - 2023-07-28 00:46:21 --> Session: Class initialized using 'CodeIgniter\Session\Handlers\FileHandler' driver.
INFO - 2023-07-28 00:46:22 --> Session: Class initialized using 'CodeIgniter\Session\Handlers\FileHandler' driver.
INFO - 2023-07-28 00:51:41 --> Session: Class initialized using 'CodeIgniter\Session\Handlers\FileHandler' driver.
INFO - 2023-07-28 00:55:28 --> Session: Class initialized using 'CodeIgniter\Session\Handlers\FileHandler' driver.
CRITICAL - 2023-07-28 00:55:44 --> Call to a member function move() on null
in APPPATH\Controllers\Customer.php on line 109.
 1 SYSTEMPATH\CodeIgniter.php(932): App\Controllers\Customer->update('19')
 2 SYSTEMPATH\CodeIgniter.php(497): CodeIgniter\CodeIgniter->runController(Object(App\Controllers\Customer))
 3 SYSTEMPATH\CodeIgniter.php(366): CodeIgniter\CodeIgniter->handleRequest(null, Object(Config\Cache), false)
 4 FCPATH\index.php(67): CodeIgniter\CodeIgniter->run()
 5 SYSTEMPATH\Commands\Server\rewrite.php(47): require_once('D:\\aplikasi\\bappenas\\public\\index.php')
INFO - 2023-07-28 00:57:12 --> Session: Class initialized using 'CodeIgniter\Session\Handlers\FileHandler' driver.
INFO - 2023-07-28 00:57:12 --> Session: Class initialized using 'CodeIgniter\Session\Handlers\FileHandler' driver.
INFO - 2023-07-28 00:57:18 --> Session: Class initialized using 'CodeIgniter\Session\Handlers\FileHandler' driver.
